<?xml version="1.0" encoding="UTF-8"?>
<coverage generated="1589422330530" clover="3.2.0">
  <project timestamp="1589422330530" name="All files">
    <metrics statements="179" coveredstatements="179" conditionals="36" coveredconditionals="36" methods="56" coveredmethods="56" elements="271" coveredelements="271" complexity="0" loc="179" ncloc="179" packages="4" files="16" classes="16"/>
    <package name="src">
      <metrics statements="4" coveredstatements="4" conditionals="0" coveredconditionals="0" methods="0" coveredmethods="0"/>
      <file name="index.ts" path="/Users/kellancorbitt/source/vuex-typekit/src/index.ts">
        <metrics statements="4" coveredstatements="4" conditionals="0" coveredconditionals="0" methods="0" coveredmethods="0"/>
        <line num="1" count="9" type="stmt"/>
        <line num="2" count="9" type="stmt"/>
        <line num="3" count="9" type="stmt"/>
        <line num="4" count="9" type="stmt"/>
      </file>
    </package>
    <package name="src.hooks">
      <metrics statements="71" coveredstatements="71" conditionals="6" coveredconditionals="6" methods="23" coveredmethods="23"/>
      <file name="action.ts" path="/Users/kellancorbitt/source/vuex-typekit/src/hooks/action.ts">
        <metrics statements="15" coveredstatements="15" conditionals="0" coveredconditionals="0" methods="5" coveredmethods="5"/>
        <line num="3" count="9" type="stmt"/>
        <line num="9" count="9" type="stmt"/>
        <line num="10" count="9" type="stmt"/>
        <line num="11" count="9" type="stmt"/>
        <line num="21" count="9" type="stmt"/>
        <line num="22" count="4" type="stmt"/>
        <line num="23" count="20" type="stmt"/>
        <line num="24" count="4" type="stmt"/>
        <line num="25" count="4" type="stmt"/>
        <line num="26" count="4" type="stmt"/>
        <line num="28" count="4" type="stmt"/>
        <line num="29" count="4" type="stmt"/>
        <line num="30" count="12" type="stmt"/>
        <line num="31" count="12" type="stmt"/>
        <line num="34" count="4" type="stmt"/>
      </file>
      <file name="getter.ts" path="/Users/kellancorbitt/source/vuex-typekit/src/hooks/getter.ts">
        <metrics statements="14" coveredstatements="14" conditionals="0" coveredconditionals="0" methods="5" coveredmethods="5"/>
        <line num="1" count="9" type="stmt"/>
        <line num="4" count="9" type="stmt"/>
        <line num="5" count="9" type="stmt"/>
        <line num="6" count="9" type="stmt"/>
        <line num="15" count="9" type="stmt"/>
        <line num="16" count="8" type="stmt"/>
        <line num="17" count="36" type="stmt"/>
        <line num="18" count="8" type="stmt"/>
        <line num="19" count="8" type="stmt"/>
        <line num="20" count="8" type="stmt"/>
        <line num="22" count="8" type="stmt"/>
        <line num="25" count="8" type="stmt"/>
        <line num="26" count="76" type="stmt"/>
        <line num="28" count="8" type="stmt"/>
      </file>
      <file name="index.ts" path="/Users/kellancorbitt/source/vuex-typekit/src/hooks/index.ts">
        <metrics statements="4" coveredstatements="4" conditionals="0" coveredconditionals="0" methods="0" coveredmethods="0"/>
        <line num="1" count="9" type="stmt"/>
        <line num="2" count="9" type="stmt"/>
        <line num="3" count="9" type="stmt"/>
        <line num="4" count="9" type="stmt"/>
      </file>
      <file name="mutation.ts" path="/Users/kellancorbitt/source/vuex-typekit/src/hooks/mutation.ts">
        <metrics statements="15" coveredstatements="15" conditionals="0" coveredconditionals="0" methods="5" coveredmethods="5"/>
        <line num="3" count="9" type="stmt"/>
        <line num="9" count="9" type="stmt"/>
        <line num="10" count="9" type="stmt"/>
        <line num="11" count="9" type="stmt"/>
        <line num="21" count="9" type="stmt"/>
        <line num="24" count="5" type="stmt"/>
        <line num="25" count="19" type="stmt"/>
        <line num="26" count="5" type="stmt"/>
        <line num="27" count="5" type="stmt"/>
        <line num="28" count="7" type="stmt"/>
        <line num="30" count="5" type="stmt"/>
        <line num="31" count="5" type="stmt"/>
        <line num="32" count="9" type="stmt"/>
        <line num="33" count="7" type="stmt"/>
        <line num="36" count="5" type="stmt"/>
      </file>
      <file name="state.ts" path="/Users/kellancorbitt/source/vuex-typekit/src/hooks/state.ts">
        <metrics statements="14" coveredstatements="14" conditionals="0" coveredconditionals="0" methods="5" coveredmethods="5"/>
        <line num="1" count="9" type="stmt"/>
        <line num="2" count="9" type="stmt"/>
        <line num="3" count="9" type="stmt"/>
        <line num="4" count="9" type="stmt"/>
        <line num="14" count="9" type="stmt"/>
        <line num="15" count="5" type="stmt"/>
        <line num="16" count="19" type="stmt"/>
        <line num="17" count="5" type="stmt"/>
        <line num="18" count="5" type="stmt"/>
        <line num="19" count="10" type="stmt"/>
        <line num="21" count="5" type="stmt"/>
        <line num="24" count="5" type="stmt"/>
        <line num="25" count="33" type="stmt"/>
        <line num="27" count="5" type="stmt"/>
      </file>
      <file name="store.ts" path="/Users/kellancorbitt/source/vuex-typekit/src/hooks/store.ts">
        <metrics statements="7" coveredstatements="7" conditionals="2" coveredconditionals="2" methods="2" coveredmethods="2"/>
        <line num="3" count="10" type="stmt"/>
        <line num="5" count="10" type="stmt"/>
        <line num="6" count="13" type="stmt"/>
        <line num="9" count="10" type="stmt"/>
        <line num="10" count="23" type="cond" truecount="2" falsecount="0"/>
        <line num="11" count="1" type="stmt"/>
        <line num="14" count="22" type="stmt"/>
      </file>
      <file name="types.ts" path="/Users/kellancorbitt/source/vuex-typekit/src/hooks/types.ts">
        <metrics statements="2" coveredstatements="2" conditionals="4" coveredconditionals="4" methods="1" coveredmethods="1"/>
        <line num="5" count="9" type="stmt"/>
        <line num="6" count="29" type="stmt"/>
      </file>
    </package>
    <package name="src.module">
      <metrics statements="92" coveredstatements="92" conditionals="26" coveredconditionals="26" methods="32" coveredmethods="32"/>
      <file name="action.ts" path="/Users/kellancorbitt/source/vuex-typekit/src/module/action.ts">
        <metrics statements="9" coveredstatements="9" conditionals="4" coveredconditionals="4" methods="4" coveredmethods="4"/>
        <line num="1" count="9" type="stmt"/>
        <line num="45" count="9" type="stmt"/>
        <line num="46" count="9" type="stmt"/>
        <line num="48" count="43" type="stmt"/>
        <line num="50" count="9" type="stmt"/>
        <line num="64" count="21" type="stmt"/>
        <line num="68" count="12" type="stmt"/>
        <line num="70" count="12" type="stmt"/>
        <line num="73" count="12" type="stmt"/>
      </file>
      <file name="builder.ts" path="/Users/kellancorbitt/source/vuex-typekit/src/module/builder.ts">
        <metrics statements="44" coveredstatements="44" conditionals="10" coveredconditionals="10" methods="14" coveredmethods="14"/>
        <line num="173" count="9" type="stmt"/>
        <line num="181" count="21" type="stmt"/>
        <line num="182" count="21" type="stmt"/>
        <line num="183" count="21" type="stmt"/>
        <line num="184" count="21" type="stmt"/>
        <line num="185" count="21" type="stmt"/>
        <line num="186" count="21" type="stmt"/>
        <line num="213" count="21" type="stmt"/>
        <line num="257" count="9" type="stmt"/>
        <line num="274" count="36" type="stmt"/>
        <line num="277" count="36" type="stmt"/>
        <line num="278" count="112" type="stmt"/>
        <line num="279" count="112" type="stmt"/>
        <line num="280" count="61" type="stmt"/>
        <line num="283" count="61" type="stmt"/>
        <line num="284" count="61" type="stmt"/>
        <line num="285" count="61" type="stmt"/>
        <line num="286" count="3" type="stmt"/>
        <line num="288" count="3" type="stmt"/>
        <line num="289" count="3" type="cond" truecount="2" falsecount="0"/>
        <line num="290" count="3" type="stmt"/>
        <line num="297" count="61" type="stmt"/>
        <line num="298" count="2" type="stmt"/>
        <line num="300" count="2" type="stmt"/>
        <line num="301" count="2" type="stmt"/>
        <line num="302" count="2" type="stmt"/>
        <line num="309" count="61" type="stmt"/>
        <line num="310" count="61" type="stmt"/>
        <line num="311" count="61" type="stmt"/>
        <line num="312" count="3" type="stmt"/>
        <line num="314" count="3" type="stmt"/>
        <line num="315" count="3" type="cond" truecount="2" falsecount="0"/>
        <line num="316" count="3" type="stmt"/>
        <line num="320" count="61" type="stmt"/>
        <line num="321" count="2" type="stmt"/>
        <line num="323" count="2" type="stmt"/>
        <line num="324" count="2" type="stmt"/>
        <line num="325" count="2" type="stmt"/>
        <line num="329" count="61" type="stmt"/>
        <line num="342" count="36" type="stmt"/>
        <line num="359" count="9" type="stmt"/>
        <line num="367" count="44" type="stmt"/>
        <line num="378" count="9" type="stmt"/>
        <line num="381" count="35" type="stmt"/>
      </file>
      <file name="getter.ts" path="/Users/kellancorbitt/source/vuex-typekit/src/module/getter.ts">
        <metrics statements="9" coveredstatements="9" conditionals="4" coveredconditionals="4" methods="4" coveredmethods="4"/>
        <line num="1" count="9" type="stmt"/>
        <line num="25" count="9" type="stmt"/>
        <line num="26" count="17" type="stmt"/>
        <line num="28" count="75" type="stmt"/>
        <line num="30" count="17" type="stmt"/>
        <line num="40" count="65" type="stmt"/>
        <line num="44" count="56" type="stmt"/>
        <line num="46" count="56" type="stmt"/>
        <line num="49" count="56" type="stmt"/>
      </file>
      <file name="index.ts" path="/Users/kellancorbitt/source/vuex-typekit/src/module/index.ts">
        <metrics statements="5" coveredstatements="5" conditionals="0" coveredconditionals="0" methods="0" coveredmethods="0"/>
        <line num="1" count="9" type="stmt"/>
        <line num="2" count="9" type="stmt"/>
        <line num="3" count="9" type="stmt"/>
        <line num="4" count="9" type="stmt"/>
        <line num="5" count="9" type="stmt"/>
      </file>
      <file name="mutation.ts" path="/Users/kellancorbitt/source/vuex-typekit/src/module/mutation.ts">
        <metrics statements="9" coveredstatements="9" conditionals="4" coveredconditionals="4" methods="4" coveredmethods="4"/>
        <line num="1" count="9" type="stmt"/>
        <line num="43" count="9" type="stmt"/>
        <line num="46" count="13" type="stmt"/>
        <line num="47" count="47" type="stmt"/>
        <line num="48" count="13" type="stmt"/>
        <line num="64" count="13" type="stmt"/>
        <line num="68" count="4" type="stmt"/>
        <line num="70" count="4" type="stmt"/>
        <line num="73" count="4" type="stmt"/>
      </file>
      <file name="state.ts" path="/Users/kellancorbitt/source/vuex-typekit/src/module/state.ts">
        <metrics statements="10" coveredstatements="10" conditionals="2" coveredconditionals="2" methods="4" coveredmethods="4"/>
        <line num="1" count="9" type="stmt"/>
        <line num="2" count="9" type="stmt"/>
        <line num="16" count="9" type="stmt"/>
        <line num="17" count="17" type="stmt"/>
        <line num="18" count="61" type="stmt"/>
        <line num="19" count="17" type="stmt"/>
        <line num="25" count="35" type="stmt"/>
        <line num="26" count="26" type="stmt"/>
        <line num="28" count="26" type="stmt"/>
        <line num="29" count="26" type="stmt"/>
      </file>
      <file name="types.ts" path="/Users/kellancorbitt/source/vuex-typekit/src/module/types.ts">
        <metrics statements="6" coveredstatements="6" conditionals="2" coveredconditionals="2" methods="2" coveredmethods="2"/>
        <line num="34" count="9" type="stmt"/>
        <line num="35" count="26" type="cond" truecount="2" falsecount="0"/>
        <line num="36" count="13" type="stmt"/>
        <line num="37" count="13" type="stmt"/>
        <line num="38" count="13" type="stmt"/>
        <line num="40" count="13" type="stmt"/>
      </file>
    </package>
    <package name="src.plugin">
      <metrics statements="12" coveredstatements="12" conditionals="4" coveredconditionals="4" methods="1" coveredmethods="1"/>
      <file name="index.ts" path="/Users/kellancorbitt/source/vuex-typekit/src/plugin/index.ts">
        <metrics statements="12" coveredstatements="12" conditionals="4" coveredconditionals="4" methods="1" coveredmethods="1"/>
        <line num="2" count="9" type="stmt"/>
        <line num="3" count="9" type="stmt"/>
        <line num="4" count="9" type="stmt"/>
        <line num="5" count="9" type="stmt"/>
        <line num="24" count="9" type="stmt"/>
        <line num="26" count="15" type="cond" truecount="4" falsecount="0"/>
        <line num="27" count="13" type="stmt"/>
        <line num="29" count="15" type="stmt"/>
        <line num="30" count="15" type="stmt"/>
        <line num="31" count="15" type="stmt"/>
        <line num="32" count="15" type="stmt"/>
        <line num="36" count="9" type="stmt"/>
      </file>
    </package>
  </project>
</coverage>
