{"/Users/kellancorbitt/source/vuex-typekit/src/index.ts": {"path":"/Users/kellancorbitt/source/vuex-typekit/src/index.ts","statementMap":{"0":{"start":{"line":1,"column":0},"end":{"line":1,"column":null}},"1":{"start":{"line":2,"column":0},"end":{"line":2,"column":null}},"2":{"start":{"line":3,"column":0},"end":{"line":3,"column":null}},"3":{"start":{"line":4,"column":0},"end":{"line":4,"column":15}}},"fnMap":{},"branchMap":{},"s":{"0":9,"1":9,"2":9,"3":9},"f":{},"b":{}}
,"/Users/kellancorbitt/source/vuex-typekit/src/hooks/action.ts": {"path":"/Users/kellancorbitt/source/vuex-typekit/src/hooks/action.ts","statementMap":{"0":{"start":{"line":3,"column":0},"end":{"line":3,"column":null}},"1":{"start":{"line":9,"column":0},"end":{"line":9,"column":null}},"2":{"start":{"line":10,"column":0},"end":{"line":10,"column":null}},"3":{"start":{"line":11,"column":0},"end":{"line":11,"column":null}},"4":{"start":{"line":22,"column":4},"end":{"line":22,"column":11}},"5":{"start":{"line":23,"column":61},"end":{"line":23,"column":73}},"6":{"start":{"line":24,"column":27},"end":{"line":24,"column":null}},"7":{"start":{"line":25,"column":27},"end":{"line":25,"column":60}},"8":{"start":{"line":26,"column":16},"end":{"line":26,"column":35}},"9":{"start":{"line":28,"column":27},"end":{"line":28,"column":null}},"10":{"start":{"line":29,"column":12},"end":{"line":29,"column":16}},"11":{"start":{"line":30,"column":16},"end":{"line":30,"column":22}},"12":{"start":{"line":31,"column":20},"end":{"line":31,"column":26}},"13":{"start":{"line":34,"column":12},"end":{"line":34,"column":19}},"14":{"start":{"line":21,"column":0},"end":{"line":21,"column":16}}},"fnMap":{"0":{"name":"useActions","decl":{"start":{"line":21,"column":16},"end":{"line":21,"column":30}},"loc":{"start":{"line":21,"column":54},"end":{"line":37,"column":null}}},"1":{"name":"(anonymous_3)","decl":{"start":{"line":23,"column":14},"end":{"line":23,"column":61}},"loc":{"start":{"line":23,"column":14},"end":{"line":35,"column":null}}},"2":{"name":"(anonymous_4)","decl":{"start":{"line":25,"column":60},"end":{"line":25,"column":null}},"loc":{"start":{"line":25,"column":60},"end":{"line":26,"column":null}}},"3":{"name":"(anonymous_5)","decl":{"start":{"line":29,"column":25},"end":{"line":29,"column":28}},"loc":{"start":{"line":29,"column":28},"end":{"line":32,"column":null}}},"4":{"name":"(anonymous_6)","decl":{"start":{"line":30,"column":30},"end":{"line":30,"column":31}},"loc":{"start":{"line":30,"column":44},"end":{"line":31,"column":null}}}},"branchMap":{},"s":{"0":9,"1":9,"2":9,"3":9,"4":4,"5":20,"6":4,"7":4,"8":4,"9":4,"10":4,"11":12,"12":12,"13":4,"14":9},"f":{"0":4,"1":4,"2":4,"3":12,"4":12},"b":{}}
,"/Users/kellancorbitt/source/vuex-typekit/src/hooks/getter.ts": {"path":"/Users/kellancorbitt/source/vuex-typekit/src/hooks/getter.ts","statementMap":{"0":{"start":{"line":1,"column":0},"end":{"line":1,"column":null}},"1":{"start":{"line":4,"column":0},"end":{"line":4,"column":null}},"2":{"start":{"line":5,"column":0},"end":{"line":5,"column":null}},"3":{"start":{"line":6,"column":0},"end":{"line":6,"column":null}},"4":{"start":{"line":16,"column":4},"end":{"line":16,"column":11}},"5":{"start":{"line":17,"column":61},"end":{"line":17,"column":73}},"6":{"start":{"line":18,"column":27},"end":{"line":18,"column":null}},"7":{"start":{"line":19,"column":27},"end":{"line":19,"column":36}},"8":{"start":{"line":20,"column":16},"end":{"line":20,"column":35}},"9":{"start":{"line":22,"column":27},"end":{"line":22,"column":null}},"10":{"start":{"line":25,"column":12},"end":{"line":25,"column":16}},"11":{"start":{"line":26,"column":16},"end":{"line":26,"column":22}},"12":{"start":{"line":26,"column":45},"end":{"line":26,"column":51}},"13":{"start":{"line":28,"column":12},"end":{"line":28,"column":19}},"14":{"start":{"line":15,"column":0},"end":{"line":15,"column":16}}},"fnMap":{"0":{"name":"useGetters","decl":{"start":{"line":15,"column":16},"end":{"line":15,"column":30}},"loc":{"start":{"line":15,"column":54},"end":{"line":31,"column":null}}},"1":{"name":"(anonymous_3)","decl":{"start":{"line":17,"column":14},"end":{"line":17,"column":61}},"loc":{"start":{"line":17,"column":14},"end":{"line":29,"column":null}}},"2":{"name":"(anonymous_4)","decl":{"start":{"line":19,"column":36},"end":{"line":19,"column":null}},"loc":{"start":{"line":19,"column":36},"end":{"line":20,"column":null}}},"3":{"name":"(anonymous_5)","decl":{"start":{"line":25,"column":25},"end":{"line":25,"column":28}},"loc":{"start":{"line":25,"column":28},"end":{"line":27,"column":null}}},"4":{"name":"(anonymous_6)","decl":{"start":{"line":26,"column":39},"end":{"line":26,"column":45}},"loc":{"start":{"line":26,"column":39},"end":{"line":26,"column":null}}}},"branchMap":{},"s":{"0":9,"1":9,"2":9,"3":9,"4":8,"5":36,"6":8,"7":8,"8":8,"9":8,"10":8,"11":20,"12":76,"13":8,"14":9},"f":{"0":8,"1":8,"2":8,"3":20,"4":76},"b":{}}
,"/Users/kellancorbitt/source/vuex-typekit/src/hooks/index.ts": {"path":"/Users/kellancorbitt/source/vuex-typekit/src/hooks/index.ts","statementMap":{"0":{"start":{"line":1,"column":0},"end":{"line":1,"column":null}},"1":{"start":{"line":2,"column":0},"end":{"line":2,"column":null}},"2":{"start":{"line":3,"column":0},"end":{"line":3,"column":null}},"3":{"start":{"line":4,"column":0},"end":{"line":4,"column":null}}},"fnMap":{},"branchMap":{},"s":{"0":9,"1":9,"2":9,"3":9},"f":{},"b":{}}
,"/Users/kellancorbitt/source/vuex-typekit/src/hooks/mutation.ts": {"path":"/Users/kellancorbitt/source/vuex-typekit/src/hooks/mutation.ts","statementMap":{"0":{"start":{"line":3,"column":0},"end":{"line":3,"column":null}},"1":{"start":{"line":9,"column":0},"end":{"line":9,"column":null}},"2":{"start":{"line":10,"column":0},"end":{"line":10,"column":null}},"3":{"start":{"line":11,"column":0},"end":{"line":11,"column":null}},"4":{"start":{"line":24,"column":4},"end":{"line":24,"column":11}},"5":{"start":{"line":25,"column":58},"end":{"line":25,"column":70}},"6":{"start":{"line":26,"column":27},"end":{"line":26,"column":null}},"7":{"start":{"line":27,"column":27},"end":{"line":27,"column":62}},"8":{"start":{"line":28,"column":16},"end":{"line":28,"column":37}},"9":{"start":{"line":30,"column":27},"end":{"line":30,"column":null}},"10":{"start":{"line":31,"column":12},"end":{"line":31,"column":16}},"11":{"start":{"line":32,"column":16},"end":{"line":32,"column":22}},"12":{"start":{"line":33,"column":20},"end":{"line":33,"column":26}},"13":{"start":{"line":36,"column":12},"end":{"line":36,"column":19}},"14":{"start":{"line":21,"column":0},"end":{"line":21,"column":16}}},"fnMap":{"0":{"name":"useMutations","decl":{"start":{"line":21,"column":16},"end":{"line":21,"column":null}},"loc":{"start":{"line":22,"column":28},"end":{"line":39,"column":null}}},"1":{"name":"(anonymous_3)","decl":{"start":{"line":25,"column":14},"end":{"line":25,"column":58}},"loc":{"start":{"line":25,"column":14},"end":{"line":37,"column":null}}},"2":{"name":"(anonymous_4)","decl":{"start":{"line":27,"column":62},"end":{"line":27,"column":null}},"loc":{"start":{"line":27,"column":62},"end":{"line":28,"column":null}}},"3":{"name":"(anonymous_5)","decl":{"start":{"line":31,"column":25},"end":{"line":31,"column":28}},"loc":{"start":{"line":31,"column":28},"end":{"line":34,"column":null}}},"4":{"name":"(anonymous_6)","decl":{"start":{"line":32,"column":30},"end":{"line":32,"column":31}},"loc":{"start":{"line":32,"column":44},"end":{"line":33,"column":null}}}},"branchMap":{},"s":{"0":9,"1":9,"2":9,"3":9,"4":5,"5":19,"6":5,"7":5,"8":7,"9":5,"10":5,"11":9,"12":7,"13":5,"14":9},"f":{"0":5,"1":5,"2":7,"3":9,"4":7},"b":{}}
,"/Users/kellancorbitt/source/vuex-typekit/src/hooks/state.ts": {"path":"/Users/kellancorbitt/source/vuex-typekit/src/hooks/state.ts","statementMap":{"0":{"start":{"line":1,"column":0},"end":{"line":1,"column":null}},"1":{"start":{"line":2,"column":0},"end":{"line":2,"column":null}},"2":{"start":{"line":3,"column":0},"end":{"line":3,"column":null}},"3":{"start":{"line":4,"column":0},"end":{"line":4,"column":null}},"4":{"start":{"line":15,"column":4},"end":{"line":15,"column":11}},"5":{"start":{"line":16,"column":34},"end":{"line":16,"column":46}},"6":{"start":{"line":17,"column":27},"end":{"line":17,"column":null}},"7":{"start":{"line":18,"column":27},"end":{"line":18,"column":36}},"8":{"start":{"line":19,"column":16},"end":{"line":19,"column":33}},"9":{"start":{"line":21,"column":27},"end":{"line":21,"column":null}},"10":{"start":{"line":24,"column":12},"end":{"line":24,"column":16}},"11":{"start":{"line":25,"column":16},"end":{"line":25,"column":22}},"12":{"start":{"line":25,"column":45},"end":{"line":25,"column":51}},"13":{"start":{"line":27,"column":12},"end":{"line":27,"column":19}},"14":{"start":{"line":14,"column":0},"end":{"line":14,"column":16}}},"fnMap":{"0":{"name":"useState","decl":{"start":{"line":14,"column":16},"end":{"line":14,"column":28}},"loc":{"start":{"line":14,"column":52},"end":{"line":30,"column":null}}},"1":{"name":"(anonymous_3)","decl":{"start":{"line":16,"column":14},"end":{"line":16,"column":34}},"loc":{"start":{"line":16,"column":14},"end":{"line":28,"column":null}}},"2":{"name":"(anonymous_4)","decl":{"start":{"line":18,"column":36},"end":{"line":18,"column":null}},"loc":{"start":{"line":18,"column":36},"end":{"line":19,"column":null}}},"3":{"name":"(anonymous_5)","decl":{"start":{"line":24,"column":25},"end":{"line":24,"column":28}},"loc":{"start":{"line":24,"column":28},"end":{"line":26,"column":null}}},"4":{"name":"(anonymous_6)","decl":{"start":{"line":25,"column":39},"end":{"line":25,"column":45}},"loc":{"start":{"line":25,"column":39},"end":{"line":25,"column":null}}}},"branchMap":{},"s":{"0":9,"1":9,"2":9,"3":9,"4":5,"5":19,"6":5,"7":5,"8":10,"9":5,"10":5,"11":9,"12":33,"13":5,"14":9},"f":{"0":5,"1":5,"2":10,"3":9,"4":33},"b":{}}
,"/Users/kellancorbitt/source/vuex-typekit/src/hooks/store.ts": {"path":"/Users/kellancorbitt/source/vuex-typekit/src/hooks/store.ts","statementMap":{"0":{"start":{"line":3,"column":46},"end":{"line":3,"column":null}},"1":{"start":{"line":6,"column":4},"end":{"line":6,"column":16}},"2":{"start":{"line":5,"column":0},"end":{"line":5,"column":16}},"3":{"start":{"line":10,"column":4},"end":{"line":11,"column":14}},"4":{"start":{"line":11,"column":8},"end":{"line":11,"column":14}},"5":{"start":{"line":14,"column":4},"end":{"line":14,"column":11}},"6":{"start":{"line":9,"column":0},"end":{"line":9,"column":16}}},"fnMap":{"0":{"name":"setUseStoreHook","decl":{"start":{"line":5,"column":16},"end":{"line":5,"column":32}},"loc":{"start":{"line":5,"column":54},"end":{"line":7,"column":null}}},"1":{"name":"useStore","decl":{"start":{"line":9,"column":16},"end":{"line":9,"column":24}},"loc":{"start":{"line":9,"column":24},"end":{"line":15,"column":null}}}},"branchMap":{"0":{"loc":{"start":{"line":10,"column":4},"end":{"line":11,"column":14}},"type":"if","locations":[{"start":{"line":10,"column":4},"end":{"line":11,"column":14}},{"start":{"line":10,"column":4},"end":{"line":11,"column":14}}]}},"s":{"0":10,"1":13,"2":10,"3":23,"4":1,"5":22,"6":10},"f":{"0":13,"1":23},"b":{"0":[1,22]}}
,"/Users/kellancorbitt/source/vuex-typekit/src/hooks/types.ts": {"path":"/Users/kellancorbitt/source/vuex-typekit/src/hooks/types.ts","statementMap":{"0":{"start":{"line":5,"column":13},"end":{"line":5,"column":32}},"1":{"start":{"line":6,"column":4},"end":{"line":6,"column":11}}},"fnMap":{"0":{"name":"(anonymous_0)","decl":{"start":{"line":5,"column":32},"end":{"line":5,"column":33}},"loc":{"start":{"line":5,"column":66},"end":{"line":11,"column":null}}}},"branchMap":{"0":{"loc":{"start":{"line":7,"column":10},"end":{"line":7,"column":null}},"type":"cond-expr","locations":[{"start":{"line":7,"column":10},"end":{"line":7,"column":null}},{"start":{"line":8,"column":10},"end":{"line":10,"column":null}}]},"1":{"loc":{"start":{"line":9,"column":10},"end":{"line":9,"column":null}},"type":"cond-expr","locations":[{"start":{"line":9,"column":10},"end":{"line":9,"column":null}},{"start":{"line":10,"column":10},"end":{"line":10,"column":null}}]}},"s":{"0":9,"1":29},"f":{"0":29},"b":{"0":[12,17],"1":[9,8]}}
,"/Users/kellancorbitt/source/vuex-typekit/src/module/action.ts": {"path":"/Users/kellancorbitt/source/vuex-typekit/src/module/action.ts","statementMap":{"0":{"start":{"line":1,"column":0},"end":{"line":1,"column":null}},"1":{"start":{"line":46,"column":4},"end":{"line":46,"column":11}},"2":{"start":{"line":48,"column":12},"end":{"line":48,"column":24}},"3":{"start":{"line":50,"column":12},"end":{"line":50,"column":13}},"4":{"start":{"line":45,"column":0},"end":{"line":45,"column":16}},"5":{"start":{"line":64,"column":0},"end":{"line":64,"column":16}},"6":{"start":{"line":68,"column":4},"end":{"line":68,"column":11}},"7":{"start":{"line":70,"column":26},"end":{"line":72,"column":null}},"8":{"start":{"line":73,"column":12},"end":{"line":73,"column":19}}},"fnMap":{"0":{"name":"mapTypedActions","decl":{"start":{"line":45,"column":16},"end":{"line":45,"column":35}},"loc":{"start":{"line":45,"column":53},"end":{"line":54,"column":null}}},"1":{"name":"(anonymous_1)","decl":{"start":{"line":47,"column":12},"end":{"line":47,"column":null}},"loc":{"start":{"line":47,"column":12},"end":{"line":52,"column":null}}},"2":{"name":"vmActions","decl":{"start":{"line":64,"column":16},"end":{"line":64,"column":null}},"loc":{"start":{"line":66,"column":22},"end":{"line":76,"column":null}}},"3":{"name":"(anonymous_3)","decl":{"start":{"line":69,"column":18},"end":{"line":69,"column":19}},"loc":{"start":{"line":69,"column":38},"end":{"line":74,"column":null}}}},"branchMap":{"0":{"loc":{"start":{"line":51,"column":18},"end":{"line":51,"column":29}},"type":"cond-expr","locations":[{"start":{"line":51,"column":18},"end":{"line":51,"column":29}},{"start":{"line":52,"column":18},"end":{"line":52,"column":29}}]},"1":{"loc":{"start":{"line":71,"column":21},"end":{"line":71,"column":null}},"type":"cond-expr","locations":[{"start":{"line":71,"column":21},"end":{"line":71,"column":null}},{"start":{"line":72,"column":18},"end":{"line":72,"column":null}}]}},"s":{"0":9,"1":9,"2":43,"3":9,"4":9,"5":21,"6":12,"7":12,"8":12},"f":{"0":9,"1":9,"2":12,"3":12},"b":{"0":[4,5],"1":[6,6]}}
,"/Users/kellancorbitt/source/vuex-typekit/src/module/builder.ts": {"path":"/Users/kellancorbitt/source/vuex-typekit/src/module/builder.ts","statementMap":{"0":{"start":{"line":181,"column":4},"end":{"line":181,"column":null}},"1":{"start":{"line":182,"column":4},"end":{"line":182,"column":null}},"2":{"start":{"line":183,"column":4},"end":{"line":183,"column":null}},"3":{"start":{"line":184,"column":4},"end":{"line":184,"column":null}},"4":{"start":{"line":185,"column":4},"end":{"line":185,"column":null}},"5":{"start":{"line":186,"column":4},"end":{"line":186,"column":null}},"6":{"start":{"line":213,"column":4},"end":{"line":213,"column":11}},"7":{"start":{"line":173,"column":0},"end":{"line":173,"column":16}},"8":{"start":{"line":274,"column":19},"end":{"line":274,"column":null}},"9":{"start":{"line":277,"column":4},"end":{"line":277,"column":10}},"10":{"start":{"line":278,"column":18},"end":{"line":278,"column":null}},"11":{"start":{"line":279,"column":8},"end":{"line":279,"column":14}},"12":{"start":{"line":280,"column":14},"end":{"line":280,"column":22}},"13":{"start":{"line":280,"column":22},"end":{"line":280,"column":32}},"14":{"start":{"line":280,"column":32},"end":{"line":280,"column":null}},"15":{"start":{"line":283,"column":35},"end":{"line":283,"column":null}},"16":{"start":{"line":284,"column":12},"end":{"line":284,"column":26}},"17":{"start":{"line":285,"column":12},"end":{"line":285,"column":26}},"18":{"start":{"line":286,"column":16},"end":{"line":286,"column":23}},"19":{"start":{"line":288,"column":30},"end":{"line":288,"column":31}},"20":{"start":{"line":288,"column":31},"end":{"line":288,"column":37}},"21":{"start":{"line":288,"column":37},"end":{"line":288,"column":null}},"22":{"start":{"line":289,"column":37},"end":{"line":289,"column":null}},"23":{"start":{"line":290,"column":24},"end":{"line":290,"column":30}},"24":{"start":{"line":297,"column":12},"end":{"line":297,"column":26}},"25":{"start":{"line":298,"column":16},"end":{"line":298,"column":23}},"26":{"start":{"line":300,"column":30},"end":{"line":300,"column":31}},"27":{"start":{"line":300,"column":31},"end":{"line":300,"column":37}},"28":{"start":{"line":300,"column":37},"end":{"line":300,"column":null}},"29":{"start":{"line":301,"column":37},"end":{"line":301,"column":null}},"30":{"start":{"line":302,"column":24},"end":{"line":302,"column":30}},"31":{"start":{"line":309,"column":37},"end":{"line":309,"column":null}},"32":{"start":{"line":310,"column":12},"end":{"line":310,"column":28}},"33":{"start":{"line":311,"column":12},"end":{"line":311,"column":28}},"34":{"start":{"line":312,"column":16},"end":{"line":312,"column":23}},"35":{"start":{"line":314,"column":30},"end":{"line":314,"column":31}},"36":{"start":{"line":314,"column":31},"end":{"line":314,"column":37}},"37":{"start":{"line":314,"column":37},"end":{"line":314,"column":null}},"38":{"start":{"line":315,"column":37},"end":{"line":315,"column":null}},"39":{"start":{"line":316,"column":24},"end":{"line":316,"column":31}},"40":{"start":{"line":320,"column":12},"end":{"line":320,"column":28}},"41":{"start":{"line":321,"column":16},"end":{"line":321,"column":23}},"42":{"start":{"line":323,"column":30},"end":{"line":323,"column":31}},"43":{"start":{"line":323,"column":31},"end":{"line":323,"column":37}},"44":{"start":{"line":323,"column":37},"end":{"line":323,"column":null}},"45":{"start":{"line":324,"column":37},"end":{"line":324,"column":null}},"46":{"start":{"line":325,"column":24},"end":{"line":325,"column":31}},"47":{"start":{"line":329,"column":12},"end":{"line":329,"column":19}},"48":{"start":{"line":342,"column":4},"end":{"line":342,"column":11}},"49":{"start":{"line":257,"column":0},"end":{"line":257,"column":16}},"50":{"start":{"line":367,"column":4},"end":{"line":367,"column":16}},"51":{"start":{"line":359,"column":0},"end":{"line":359,"column":16}},"52":{"start":{"line":381,"column":4},"end":{"line":381,"column":null}},"53":{"start":{"line":378,"column":0},"end":{"line":378,"column":16}}},"fnMap":{"0":{"name":"createModule","decl":{"start":{"line":173,"column":16},"end":{"line":173,"column":null}},"loc":{"start":{"line":194,"column":1},"end":{"line":236,"column":null}}},"1":{"name":"createActions","decl":{"start":{"line":257,"column":16},"end":{"line":257,"column":null}},"loc":{"start":{"line":272,"column":5},"end":{"line":343,"column":null}}},"2":{"name":"(anonymous_6)","decl":{"start":{"line":277,"column":33},"end":{"line":277,"column":36}},"loc":{"start":{"line":277,"column":36},"end":{"line":341,"column":null}}},"3":{"name":"(anonymous_7)","decl":{"start":{"line":279,"column":20},"end":{"line":279,"column":null}},"loc":{"start":{"line":281,"column":25},"end":{"line":340,"column":null}}},"4":{"name":"(anonymous_8)","decl":{"start":{"line":285,"column":34},"end":{"line":285,"column":44}},"loc":{"start":{"line":285,"column":53},"end":{"line":295,"column":null}}},"5":{"name":"(anonymous_9)","decl":{"start":{"line":287,"column":28},"end":{"line":287,"column":null}},"loc":{"start":{"line":287,"column":28},"end":{"line":293,"column":null}}},"6":{"name":"(anonymous_10)","decl":{"start":{"line":297,"column":33},"end":{"line":297,"column":43}},"loc":{"start":{"line":297,"column":52},"end":{"line":307,"column":null}}},"7":{"name":"(anonymous_11)","decl":{"start":{"line":299,"column":28},"end":{"line":299,"column":null}},"loc":{"start":{"line":299,"column":28},"end":{"line":305,"column":null}}},"8":{"name":"(anonymous_12)","decl":{"start":{"line":311,"column":36},"end":{"line":311,"column":46}},"loc":{"start":{"line":311,"column":55},"end":{"line":319,"column":null}}},"9":{"name":"(anonymous_13)","decl":{"start":{"line":313,"column":30},"end":{"line":313,"column":null}},"loc":{"start":{"line":313,"column":30},"end":{"line":317,"column":null}}},"10":{"name":"(anonymous_14)","decl":{"start":{"line":320,"column":35},"end":{"line":320,"column":45}},"loc":{"start":{"line":320,"column":54},"end":{"line":328,"column":null}}},"11":{"name":"(anonymous_15)","decl":{"start":{"line":322,"column":30},"end":{"line":322,"column":null}},"loc":{"start":{"line":322,"column":30},"end":{"line":326,"column":null}}},"12":{"name":"createGetters","decl":{"start":{"line":359,"column":16},"end":{"line":359,"column":null}},"loc":{"start":{"line":365,"column":73},"end":{"line":368,"column":null}}},"13":{"name":"createMutations","decl":{"start":{"line":378,"column":16},"end":{"line":378,"column":null}},"loc":{"start":{"line":379,"column":53},"end":{"line":384,"column":null}}}},"branchMap":{"0":{"loc":{"start":{"line":218,"column":14},"end":{"line":218,"column":48}},"type":"cond-expr","locations":[{"start":{"line":218,"column":14},"end":{"line":218,"column":48}},{"start":{"line":219,"column":14},"end":{"line":219,"column":null}}]},"1":{"loc":{"start":{"line":221,"column":14},"end":{"line":221,"column":null}},"type":"cond-expr","locations":[{"start":{"line":221,"column":14},"end":{"line":221,"column":null}},{"start":{"line":229,"column":14},"end":{"line":229,"column":null}}]},"2":{"loc":{"start":{"line":231,"column":14},"end":{"line":231,"column":null}},"type":"cond-expr","locations":[{"start":{"line":231,"column":14},"end":{"line":231,"column":null}},{"start":{"line":234,"column":14},"end":{"line":234,"column":null}}]},"3":{"loc":{"start":{"line":289,"column":49},"end":{"line":289,"column":74}},"type":"cond-expr","locations":[{"start":{"line":289,"column":49},"end":{"line":289,"column":74}},{"start":{"line":289,"column":74},"end":{"line":289,"column":null}}]},"4":{"loc":{"start":{"line":315,"column":49},"end":{"line":315,"column":74}},"type":"cond-expr","locations":[{"start":{"line":315,"column":49},"end":{"line":315,"column":74}},{"start":{"line":315,"column":74},"end":{"line":315,"column":null}}]}},"s":{"0":21,"1":21,"2":21,"3":21,"4":21,"5":21,"6":21,"7":9,"8":36,"9":36,"10":112,"11":112,"12":61,"13":61,"14":61,"15":61,"16":61,"17":61,"18":3,"19":3,"20":3,"21":3,"22":3,"23":3,"24":61,"25":2,"26":2,"27":2,"28":2,"29":2,"30":2,"31":61,"32":61,"33":61,"34":3,"35":3,"36":3,"37":3,"38":3,"39":3,"40":61,"41":2,"42":2,"43":2,"44":2,"45":2,"46":2,"47":61,"48":36,"49":9,"50":44,"51":9,"52":35,"53":9},"f":{"0":21,"1":36,"2":112,"3":61,"4":3,"5":3,"6":2,"7":2,"8":3,"9":3,"10":2,"11":2,"12":44,"13":35},"b":{"0":[20,1],"1":[20,1],"2":[12,9],"3":[1,2],"4":[1,2]}}
,"/Users/kellancorbitt/source/vuex-typekit/src/module/getter.ts": {"path":"/Users/kellancorbitt/source/vuex-typekit/src/module/getter.ts","statementMap":{"0":{"start":{"line":1,"column":0},"end":{"line":1,"column":null}},"1":{"start":{"line":26,"column":4},"end":{"line":26,"column":11}},"2":{"start":{"line":28,"column":12},"end":{"line":28,"column":24}},"3":{"start":{"line":30,"column":12},"end":{"line":30,"column":13}},"4":{"start":{"line":25,"column":0},"end":{"line":25,"column":16}},"5":{"start":{"line":40,"column":0},"end":{"line":40,"column":16}},"6":{"start":{"line":44,"column":4},"end":{"line":44,"column":11}},"7":{"start":{"line":46,"column":26},"end":{"line":48,"column":null}},"8":{"start":{"line":49,"column":12},"end":{"line":49,"column":19}}},"fnMap":{"0":{"name":"mapTypedGetters","decl":{"start":{"line":25,"column":16},"end":{"line":25,"column":35}},"loc":{"start":{"line":25,"column":53},"end":{"line":34,"column":null}}},"1":{"name":"(anonymous_1)","decl":{"start":{"line":27,"column":12},"end":{"line":27,"column":null}},"loc":{"start":{"line":27,"column":12},"end":{"line":32,"column":null}}},"2":{"name":"vmGetters","decl":{"start":{"line":40,"column":16},"end":{"line":40,"column":null}},"loc":{"start":{"line":42,"column":22},"end":{"line":52,"column":null}}},"3":{"name":"(anonymous_3)","decl":{"start":{"line":45,"column":13},"end":{"line":45,"column":17}},"loc":{"start":{"line":45,"column":17},"end":{"line":50,"column":null}}}},"branchMap":{"0":{"loc":{"start":{"line":31,"column":18},"end":{"line":31,"column":29}},"type":"cond-expr","locations":[{"start":{"line":31,"column":18},"end":{"line":31,"column":29}},{"start":{"line":32,"column":18},"end":{"line":32,"column":29}}]},"1":{"loc":{"start":{"line":47,"column":21},"end":{"line":47,"column":null}},"type":"cond-expr","locations":[{"start":{"line":47,"column":21},"end":{"line":47,"column":null}},{"start":{"line":48,"column":18},"end":{"line":48,"column":null}}]}},"s":{"0":9,"1":17,"2":75,"3":17,"4":9,"5":65,"6":56,"7":56,"8":56},"f":{"0":17,"1":17,"2":56,"3":56},"b":{"0":[12,5],"1":[28,28]}}
,"/Users/kellancorbitt/source/vuex-typekit/src/module/index.ts": {"path":"/Users/kellancorbitt/source/vuex-typekit/src/module/index.ts","statementMap":{"0":{"start":{"line":1,"column":0},"end":{"line":1,"column":null}},"1":{"start":{"line":2,"column":0},"end":{"line":2,"column":null}},"2":{"start":{"line":3,"column":0},"end":{"line":3,"column":null}},"3":{"start":{"line":4,"column":0},"end":{"line":4,"column":null}},"4":{"start":{"line":5,"column":0},"end":{"line":5,"column":null}}},"fnMap":{},"branchMap":{},"s":{"0":9,"1":9,"2":9,"3":9,"4":9},"f":{},"b":{}}
,"/Users/kellancorbitt/source/vuex-typekit/src/module/mutation.ts": {"path":"/Users/kellancorbitt/source/vuex-typekit/src/module/mutation.ts","statementMap":{"0":{"start":{"line":1,"column":0},"end":{"line":1,"column":null}},"1":{"start":{"line":46,"column":4},"end":{"line":46,"column":11}},"2":{"start":{"line":47,"column":13},"end":{"line":47,"column":20}},"3":{"start":{"line":48,"column":12},"end":{"line":48,"column":13}},"4":{"start":{"line":43,"column":0},"end":{"line":43,"column":16}},"5":{"start":{"line":64,"column":0},"end":{"line":64,"column":16}},"6":{"start":{"line":68,"column":4},"end":{"line":68,"column":11}},"7":{"start":{"line":70,"column":26},"end":{"line":72,"column":null}},"8":{"start":{"line":73,"column":12},"end":{"line":73,"column":16}}},"fnMap":{"0":{"name":"mapTypedMutations","decl":{"start":{"line":43,"column":16},"end":{"line":43,"column":null}},"loc":{"start":{"line":44,"column":22},"end":{"line":52,"column":null}}},"1":{"name":"(anonymous_1)","decl":{"start":{"line":47,"column":12},"end":{"line":47,"column":13}},"loc":{"start":{"line":47,"column":12},"end":{"line":50,"column":null}}},"2":{"name":"vmMutations","decl":{"start":{"line":64,"column":16},"end":{"line":64,"column":null}},"loc":{"start":{"line":66,"column":22},"end":{"line":76,"column":null}}},"3":{"name":"(anonymous_3)","decl":{"start":{"line":69,"column":16},"end":{"line":69,"column":17}},"loc":{"start":{"line":69,"column":36},"end":{"line":74,"column":null}}}},"branchMap":{"0":{"loc":{"start":{"line":49,"column":18},"end":{"line":49,"column":31}},"type":"cond-expr","locations":[{"start":{"line":49,"column":18},"end":{"line":49,"column":31}},{"start":{"line":50,"column":18},"end":{"line":50,"column":31}}]},"1":{"loc":{"start":{"line":71,"column":21},"end":{"line":71,"column":null}},"type":"cond-expr","locations":[{"start":{"line":71,"column":21},"end":{"line":71,"column":null}},{"start":{"line":72,"column":18},"end":{"line":72,"column":null}}]}},"s":{"0":9,"1":13,"2":47,"3":13,"4":9,"5":13,"6":4,"7":4,"8":4},"f":{"0":13,"1":13,"2":4,"3":4},"b":{"0":[7,6],"1":[2,2]}}
,"/Users/kellancorbitt/source/vuex-typekit/src/module/state.ts": {"path":"/Users/kellancorbitt/source/vuex-typekit/src/module/state.ts","statementMap":{"0":{"start":{"line":1,"column":0},"end":{"line":1,"column":null}},"1":{"start":{"line":2,"column":0},"end":{"line":2,"column":null}},"2":{"start":{"line":17,"column":4},"end":{"line":17,"column":11}},"3":{"start":{"line":18,"column":32},"end":{"line":18,"column":44}},"4":{"start":{"line":19,"column":12},"end":{"line":19,"column":13}},"5":{"start":{"line":16,"column":0},"end":{"line":16,"column":16}},"6":{"start":{"line":25,"column":0},"end":{"line":25,"column":16}},"7":{"start":{"line":26,"column":4},"end":{"line":26,"column":11}},"8":{"start":{"line":28,"column":26},"end":{"line":28,"column":42}},"9":{"start":{"line":29,"column":12},"end":{"line":29,"column":19}}},"fnMap":{"0":{"name":"mapTypedState","decl":{"start":{"line":16,"column":16},"end":{"line":16,"column":33}},"loc":{"start":{"line":16,"column":51},"end":{"line":23,"column":null}}},"1":{"name":"(anonymous_1)","decl":{"start":{"line":18,"column":12},"end":{"line":18,"column":32}},"loc":{"start":{"line":18,"column":12},"end":{"line":21,"column":null}}},"2":{"name":"stateGetter","decl":{"start":{"line":25,"column":16},"end":{"line":25,"column":52}},"loc":{"start":{"line":25,"column":70},"end":{"line":32,"column":null}}},"3":{"name":"(anonymous_3)","decl":{"start":{"line":27,"column":13},"end":{"line":27,"column":33}},"loc":{"start":{"line":27,"column":40},"end":{"line":30,"column":null}}}},"branchMap":{"0":{"loc":{"start":{"line":20,"column":18},"end":{"line":20,"column":27}},"type":"cond-expr","locations":[{"start":{"line":20,"column":18},"end":{"line":20,"column":27}},{"start":{"line":21,"column":18},"end":{"line":21,"column":27}}]}},"s":{"0":9,"1":9,"2":17,"3":61,"4":17,"5":9,"6":35,"7":26,"8":26,"9":26},"f":{"0":17,"1":17,"2":26,"3":26},"b":{"0":[11,6]}}
,"/Users/kellancorbitt/source/vuex-typekit/src/module/types.ts": {"path":"/Users/kellancorbitt/source/vuex-typekit/src/module/types.ts","statementMap":{"0":{"start":{"line":35,"column":4},"end":{"line":35,"column":46}},"1":{"start":{"line":35,"column":39},"end":{"line":35,"column":46}},"2":{"start":{"line":36,"column":17},"end":{"line":36,"column":null}},"3":{"start":{"line":37,"column":4},"end":{"line":37,"column":13}},"4":{"start":{"line":38,"column":8},"end":{"line":38,"column":14}},"5":{"start":{"line":40,"column":4},"end":{"line":40,"column":11}},"6":{"start":{"line":34,"column":0},"end":{"line":34,"column":16}}},"fnMap":{"0":{"name":"accessNamespace","decl":{"start":{"line":34,"column":16},"end":{"line":34,"column":32}},"loc":{"start":{"line":34,"column":62},"end":{"line":41,"column":null}}},"1":{"name":"(anonymous_1)","decl":{"start":{"line":37,"column":33},"end":{"line":37,"column":37}},"loc":{"start":{"line":37,"column":37},"end":{"line":39,"column":null}}}},"branchMap":{"0":{"loc":{"start":{"line":35,"column":4},"end":{"line":35,"column":46}},"type":"if","locations":[{"start":{"line":35,"column":4},"end":{"line":35,"column":46}},{"start":{"line":35,"column":4},"end":{"line":35,"column":46}}]}},"s":{"0":26,"1":13,"2":13,"3":13,"4":13,"5":13,"6":9},"f":{"0":26,"1":13},"b":{"0":[13,13]}}
,"/Users/kellancorbitt/source/vuex-typekit/src/plugin/index.ts": {"path":"/Users/kellancorbitt/source/vuex-typekit/src/plugin/index.ts","statementMap":{"0":{"start":{"line":2,"column":0},"end":{"line":2,"column":null}},"1":{"start":{"line":3,"column":0},"end":{"line":3,"column":null}},"2":{"start":{"line":4,"column":0},"end":{"line":4,"column":null}},"3":{"start":{"line":5,"column":0},"end":{"line":5,"column":null}},"4":{"start":{"line":24,"column":55},"end":{"line":24,"column":null}},"5":{"start":{"line":26,"column":8},"end":{"line":28,"column":null}},"6":{"start":{"line":27,"column":12},"end":{"line":27,"column":28}},"7":{"start":{"line":29,"column":8},"end":{"line":29,"column":11}},"8":{"start":{"line":30,"column":8},"end":{"line":30,"column":11}},"9":{"start":{"line":31,"column":8},"end":{"line":31,"column":11}},"10":{"start":{"line":32,"column":8},"end":{"line":32,"column":11}},"11":{"start":{"line":36,"column":0},"end":{"line":36,"column":15}}},"fnMap":{"0":{"name":"(anonymous_0)","decl":{"start":{"line":25,"column":13},"end":{"line":25,"column":14}},"loc":{"start":{"line":25,"column":26},"end":{"line":33,"column":null}}}},"branchMap":{"0":{"loc":{"start":{"line":26,"column":8},"end":{"line":28,"column":null}},"type":"if","locations":[{"start":{"line":26,"column":8},"end":{"line":28,"column":null}},{"start":{"line":26,"column":8},"end":{"line":28,"column":null}}]},"1":{"loc":{"start":{"line":26,"column":12},"end":{"line":26,"column":19}},"type":"binary-expr","locations":[{"start":{"line":26,"column":12},"end":{"line":26,"column":19}},{"start":{"line":26,"column":23},"end":{"line":26,"column":41}}]}},"s":{"0":9,"1":9,"2":9,"3":9,"4":9,"5":15,"6":13,"7":15,"8":15,"9":15,"10":15,"11":9},"f":{"0":15},"b":{"0":[13,2],"1":[15,13]}}
}
