TN:
SF:src/index.ts
FNF:0
FNH:0
DA:1,9
DA:2,9
DA:3,9
DA:4,9
LF:4
LH:4
BRF:0
BRH:0
end_of_record
TN:
SF:src/hooks/action.ts
FN:21,useActions
FN:23,(anonymous_3)
FN:25,(anonymous_4)
FN:29,(anonymous_5)
FN:30,(anonymous_6)
FNF:5
FNH:5
FNDA:4,useActions
FNDA:4,(anonymous_3)
FNDA:4,(anonymous_4)
FNDA:12,(anonymous_5)
FNDA:12,(anonymous_6)
DA:3,9
DA:9,9
DA:10,9
DA:11,9
DA:21,9
DA:22,4
DA:23,20
DA:24,4
DA:25,4
DA:26,4
DA:28,4
DA:29,4
DA:30,12
DA:31,12
DA:34,4
LF:15
LH:15
BRF:0
BRH:0
end_of_record
TN:
SF:src/hooks/getter.ts
FN:15,useGetters
FN:17,(anonymous_3)
FN:19,(anonymous_4)
FN:25,(anonymous_5)
FN:26,(anonymous_6)
FNF:5
FNH:5
FNDA:8,useGetters
FNDA:8,(anonymous_3)
FNDA:8,(anonymous_4)
FNDA:20,(anonymous_5)
FNDA:76,(anonymous_6)
DA:1,9
DA:4,9
DA:5,9
DA:6,9
DA:15,9
DA:16,8
DA:17,36
DA:18,8
DA:19,8
DA:20,8
DA:22,8
DA:25,8
DA:26,76
DA:28,8
LF:14
LH:14
BRF:0
BRH:0
end_of_record
TN:
SF:src/hooks/index.ts
FNF:0
FNH:0
DA:1,9
DA:2,9
DA:3,9
DA:4,9
LF:4
LH:4
BRF:0
BRH:0
end_of_record
TN:
SF:src/hooks/mutation.ts
FN:21,useMutations
FN:25,(anonymous_3)
FN:27,(anonymous_4)
FN:31,(anonymous_5)
FN:32,(anonymous_6)
FNF:5
FNH:5
FNDA:5,useMutations
FNDA:5,(anonymous_3)
FNDA:7,(anonymous_4)
FNDA:9,(anonymous_5)
FNDA:7,(anonymous_6)
DA:3,9
DA:9,9
DA:10,9
DA:11,9
DA:21,9
DA:24,5
DA:25,19
DA:26,5
DA:27,5
DA:28,7
DA:30,5
DA:31,5
DA:32,9
DA:33,7
DA:36,5
LF:15
LH:15
BRF:0
BRH:0
end_of_record
TN:
SF:src/hooks/state.ts
FN:14,useState
FN:16,(anonymous_3)
FN:18,(anonymous_4)
FN:24,(anonymous_5)
FN:25,(anonymous_6)
FNF:5
FNH:5
FNDA:5,useState
FNDA:5,(anonymous_3)
FNDA:10,(anonymous_4)
FNDA:9,(anonymous_5)
FNDA:33,(anonymous_6)
DA:1,9
DA:2,9
DA:3,9
DA:4,9
DA:14,9
DA:15,5
DA:16,19
DA:17,5
DA:18,5
DA:19,10
DA:21,5
DA:24,5
DA:25,33
DA:27,5
LF:14
LH:14
BRF:0
BRH:0
end_of_record
TN:
SF:src/hooks/store.ts
FN:5,setUseStoreHook
FN:9,useStore
FNF:2
FNH:2
FNDA:13,setUseStoreHook
FNDA:23,useStore
DA:3,10
DA:5,10
DA:6,13
DA:9,10
DA:10,23
DA:11,1
DA:14,22
LF:7
LH:7
BRDA:10,0,0,1
BRDA:10,0,1,22
BRF:2
BRH:2
end_of_record
TN:
SF:src/hooks/types.ts
FN:5,(anonymous_0)
FNF:1
FNH:1
FNDA:29,(anonymous_0)
DA:5,9
DA:6,29
LF:2
LH:2
BRDA:7,0,0,12
BRDA:7,0,1,17
BRDA:9,1,0,9
BRDA:9,1,1,8
BRF:4
BRH:4
end_of_record
TN:
SF:src/module/action.ts
FN:45,mapTypedActions
FN:47,(anonymous_1)
FN:64,vmActions
FN:69,(anonymous_3)
FNF:4
FNH:4
FNDA:9,mapTypedActions
FNDA:9,(anonymous_1)
FNDA:12,vmActions
FNDA:12,(anonymous_3)
DA:1,9
DA:45,9
DA:46,9
DA:48,43
DA:50,9
DA:64,21
DA:68,12
DA:70,12
DA:73,12
LF:9
LH:9
BRDA:51,0,0,4
BRDA:51,0,1,5
BRDA:71,1,0,6
BRDA:71,1,1,6
BRF:4
BRH:4
end_of_record
TN:
SF:src/module/builder.ts
FN:173,createModule
FN:257,createActions
FN:277,(anonymous_6)
FN:279,(anonymous_7)
FN:285,(anonymous_8)
FN:287,(anonymous_9)
FN:297,(anonymous_10)
FN:299,(anonymous_11)
FN:311,(anonymous_12)
FN:313,(anonymous_13)
FN:320,(anonymous_14)
FN:322,(anonymous_15)
FN:359,createGetters
FN:378,createMutations
FNF:14
FNH:14
FNDA:21,createModule
FNDA:36,createActions
FNDA:112,(anonymous_6)
FNDA:61,(anonymous_7)
FNDA:3,(anonymous_8)
FNDA:3,(anonymous_9)
FNDA:2,(anonymous_10)
FNDA:2,(anonymous_11)
FNDA:3,(anonymous_12)
FNDA:3,(anonymous_13)
FNDA:2,(anonymous_14)
FNDA:2,(anonymous_15)
FNDA:44,createGetters
FNDA:35,createMutations
DA:173,9
DA:181,21
DA:182,21
DA:183,21
DA:184,21
DA:185,21
DA:186,21
DA:213,21
DA:257,9
DA:274,36
DA:277,36
DA:278,112
DA:279,112
DA:280,61
DA:283,61
DA:284,61
DA:285,61
DA:286,3
DA:288,3
DA:289,3
DA:290,3
DA:297,61
DA:298,2
DA:300,2
DA:301,2
DA:302,2
DA:309,61
DA:310,61
DA:311,61
DA:312,3
DA:314,3
DA:315,3
DA:316,3
DA:320,61
DA:321,2
DA:323,2
DA:324,2
DA:325,2
DA:329,61
DA:342,36
DA:359,9
DA:367,44
DA:378,9
DA:381,35
LF:44
LH:44
BRDA:218,0,0,20
BRDA:218,0,1,1
BRDA:221,1,0,20
BRDA:221,1,1,1
BRDA:231,2,0,12
BRDA:231,2,1,9
BRDA:289,3,0,1
BRDA:289,3,1,2
BRDA:315,4,0,1
BRDA:315,4,1,2
BRF:10
BRH:10
end_of_record
TN:
SF:src/module/getter.ts
FN:25,mapTypedGetters
FN:27,(anonymous_1)
FN:40,vmGetters
FN:45,(anonymous_3)
FNF:4
FNH:4
FNDA:17,mapTypedGetters
FNDA:17,(anonymous_1)
FNDA:56,vmGetters
FNDA:56,(anonymous_3)
DA:1,9
DA:25,9
DA:26,17
DA:28,75
DA:30,17
DA:40,65
DA:44,56
DA:46,56
DA:49,56
LF:9
LH:9
BRDA:31,0,0,12
BRDA:31,0,1,5
BRDA:47,1,0,28
BRDA:47,1,1,28
BRF:4
BRH:4
end_of_record
TN:
SF:src/module/index.ts
FNF:0
FNH:0
DA:1,9
DA:2,9
DA:3,9
DA:4,9
DA:5,9
LF:5
LH:5
BRF:0
BRH:0
end_of_record
TN:
SF:src/module/mutation.ts
FN:43,mapTypedMutations
FN:47,(anonymous_1)
FN:64,vmMutations
FN:69,(anonymous_3)
FNF:4
FNH:4
FNDA:13,mapTypedMutations
FNDA:13,(anonymous_1)
FNDA:4,vmMutations
FNDA:4,(anonymous_3)
DA:1,9
DA:43,9
DA:46,13
DA:47,47
DA:48,13
DA:64,13
DA:68,4
DA:70,4
DA:73,4
LF:9
LH:9
BRDA:49,0,0,7
BRDA:49,0,1,6
BRDA:71,1,0,2
BRDA:71,1,1,2
BRF:4
BRH:4
end_of_record
TN:
SF:src/module/state.ts
FN:16,mapTypedState
FN:18,(anonymous_1)
FN:25,stateGetter
FN:27,(anonymous_3)
FNF:4
FNH:4
FNDA:17,mapTypedState
FNDA:17,(anonymous_1)
FNDA:26,stateGetter
FNDA:26,(anonymous_3)
DA:1,9
DA:2,9
DA:16,9
DA:17,17
DA:18,61
DA:19,17
DA:25,35
DA:26,26
DA:28,26
DA:29,26
LF:10
LH:10
BRDA:20,0,0,11
BRDA:20,0,1,6
BRF:2
BRH:2
end_of_record
TN:
SF:src/module/types.ts
FN:34,accessNamespace
FN:37,(anonymous_1)
FNF:2
FNH:2
FNDA:26,accessNamespace
FNDA:13,(anonymous_1)
DA:34,9
DA:35,26
DA:36,13
DA:37,13
DA:38,13
DA:40,13
LF:6
LH:6
BRDA:35,0,0,13
BRDA:35,0,1,13
BRF:2
BRH:2
end_of_record
TN:
SF:src/plugin/index.ts
FN:25,(anonymous_0)
FNF:1
FNH:1
FNDA:15,(anonymous_0)
DA:2,9
DA:3,9
DA:4,9
DA:5,9
DA:24,9
DA:26,15
DA:27,13
DA:29,15
DA:30,15
DA:31,15
DA:32,15
DA:36,9
LF:12
LH:12
BRDA:26,0,0,13
BRDA:26,0,1,2
BRDA:26,1,0,15
BRDA:26,1,1,13
BRF:4
BRH:4
end_of_record
